
Date: 2019-04-14 - Time: 05:23:40.958 -- Error message: Argument cannot be null
	java.lang.IllegalArgumentException: Argument cannot be null
	at org.eclipse.swt.SWT.error(SWT.java:4576)
	at org.eclipse.swt.SWT.error(SWT.java:4510)
	at org.eclipse.swt.SWT.error(SWT.java:4481)
	at org.eclipse.swt.widgets.Widget.error(Widget.java:526)
	at org.eclipse.swt.widgets.TableItem.setText(TableItem.java:1295)
	at it.phpito.view.shell.ShellPHPito.printTable(ShellPHPito.java:245)
	at it.phpito.view.shell.ShellPHPito.createContents(ShellPHPito.java:228)
	at it.phpito.view.LuncherPHPito.open(LuncherPHPito.java:33)
	at it.phpito.view.LuncherPHPito.main(LuncherPHPito.java:23)

Date: 2019-04-14 - Time: 05:24:14.983 -- Error message: Argument cannot be null
	java.lang.IllegalArgumentException: Argument cannot be null
	at org.eclipse.swt.SWT.error(SWT.java:4576)
	at org.eclipse.swt.SWT.error(SWT.java:4510)
	at org.eclipse.swt.SWT.error(SWT.java:4481)
	at org.eclipse.swt.widgets.Widget.error(Widget.java:526)
	at org.eclipse.swt.widgets.TableItem.setText(TableItem.java:1295)
	at it.phpito.view.shell.ShellPHPito.printTable(ShellPHPito.java:245)
	at it.phpito.view.shell.ShellPHPito.createContents(ShellPHPito.java:228)
	at it.phpito.view.LuncherPHPito.open(LuncherPHPito.java:33)
	at it.phpito.view.LuncherPHPito.main(LuncherPHPito.java:23)

Date: 2019-04-14 - Time: 05:41:10.654 -- Error message: null
	java.lang.NullPointerException
	at it.phpito.view.shell.ShellPHPito$5.widgetSelected(ShellPHPito.java:146)
	at org.eclipse.swt.widgets.TypedListener.handleEvent(TypedListener.java:252)
	at org.eclipse.swt.widgets.EventTable.sendEvent(EventTable.java:89)
	at org.eclipse.swt.widgets.Display.sendEvent(Display.java:5663)
	at org.eclipse.swt.widgets.Widget.sendEvent(Widget.java:1386)
	at org.eclipse.swt.widgets.Display.runDeferredEvents(Display.java:4931)
	at org.eclipse.swt.widgets.Display.readAndDispatch(Display.java:4472)
	at it.phpito.view.LuncherPHPito.open(LuncherPHPito.java:37)
	at it.phpito.view.LuncherPHPito.main(LuncherPHPito.java:23)
